<?xml version="1.0" encoding="UTF-8"?>
<!-- Generated by org.testng.reporters.JUnitXMLReporter -->
<testsuite hostname="Talgats-MacBook-Pro.local" ignored="0" name="Default test" tests="2" failures="0" timestamp="08 Apr 2018 21:25:59 GMT" time="2.546" errors="0">
  <testcase name="runScenario" time="2.26" classname="cucumber.api.testng.AbstractTestNGCucumberTests"/>
  <testcase name="runScenario" time="0.016" classname="cucumber.api.testng.AbstractTestNGCucumberTests"/>
</testsuite> <!-- Default test -->
