<?xml version="1.0" encoding="UTF-8"?>
<!-- Generated by org.testng.reporters.JUnitXMLReporter -->
<testsuite hostname="Zhyrgals-MacBook-Pro.local" ignored="0" name="Default test" tests="2" failures="0" timestamp="09 Apr 2018 23:30:25 GMT" time="44.075" errors="0">
  <testcase name="runScenario" time="18.444" classname="cucumber.api.testng.AbstractTestNGCucumberTests"/>
  <testcase name="runScenario" time="25.12" classname="cucumber.api.testng.AbstractTestNGCucumberTests"/>
</testsuite> <!-- Default test -->
